{"uid":"2da36a94c0267b96","name":"Verify functinality of carbohydrate calculator age field with boundary values -- @1.4 ","fullName":"Carbohydrate calculator: Verify functinality of carbohydrate calculator age field with boundary values","historyId":"70da6dc0ff58c6a62197169279d75982","time":{"start":1682013719754,"stop":1682013730585,"duration":10831},"status":"broken","statusMessage":"selenium.common.exceptions.ElementNotInteractableException: Message: element not interactable\n  (Session info: headless chrome=112.0.5615.121)\nStacktrace:\n#0 0x55d3ac884fe3 <unknown>\n#1 0x55d3ac5c3bc1 <unknown>\n#2 0x55d3ac5f8161 <unknown>\n#3 0x55d3ac6218c2 <unknown>\n#4 0x55d3ac5f5943 <unknown>\n#5 0x55d3ac621a8e <unknown>\n#6 0x55d3ac63a232 <unknown>\n#7 0x55d3ac621693 <unknown>\n#8 0x55d3ac5f403a <unknown>\n#9 0x55d3ac5f517e <unknown>\n#10 0x55d3ac846dbd <unknown>\n#11 0x55d3ac84ac6c <unknown>\n#12 0x55d3ac8544b0 <unknown>\n#13 0x55d3ac84bd63 <unknown>\n#14 0x55d3ac81ec35 <unknown>\n#15 0x55d3ac86f138 <unknown>\n#16 0x55d3ac86f2c7 <unknown>\n#17 0x55d3ac87d093 <unknown>\n#18 0x7ff06ef97b43 <unknown>\n\n","statusTrace":"  File \"/opt/hostedtoolcache/Python/3.7.16/x64/lib/python3.7/site-packages/behave/model.py\", line 1329, in run\n    match.run(runner.context)\n  File \"/opt/hostedtoolcache/Python/3.7.16/x64/lib/python3.7/site-packages/behave/matchers.py\", line 98, in run\n    self.func(context, *args, **kwargs)\n  File \"features/steps/step_definitions.py\", line 18, in enter_height\n    context.calculator.input_height(context.driver, height)\n  File \"/home/runner/work/python-behave/python-behave/utils/pages/calorie_calc.py\", line 23, in input_height\n    driver.find_element(By.XPATH, self.height_text_box).clear()\n  File \"/opt/hostedtoolcache/Python/3.7.16/x64/lib/python3.7/site-packages/selenium/webdriver/remote/webelement.py\", line 116, in clear\n    self._execute(Command.CLEAR_ELEMENT)\n  File \"/opt/hostedtoolcache/Python/3.7.16/x64/lib/python3.7/site-packages/selenium/webdriver/remote/webelement.py\", line 403, in _execute\n    return self._parent.execute(command, params)\n  File \"/opt/hostedtoolcache/Python/3.7.16/x64/lib/python3.7/site-packages/selenium/webdriver/remote/webdriver.py\", line 440, in execute\n    self.error_handler.check_response(response)\n  File \"/opt/hostedtoolcache/Python/3.7.16/x64/lib/python3.7/site-packages/selenium/webdriver/remote/errorhandler.py\", line 245, in check_response\n    raise exception_class(message, screen, stacktrace)\n","flaky":false,"newFailed":false,"newBroken":false,"newPassed":false,"retriesCount":0,"retriesStatusChange":false,"beforeStages":[],"testStage":{"status":"broken","statusMessage":"selenium.common.exceptions.ElementNotInteractableException: Message: element not interactable\n  (Session info: headless chrome=112.0.5615.121)\nStacktrace:\n#0 0x55d3ac884fe3 <unknown>\n#1 0x55d3ac5c3bc1 <unknown>\n#2 0x55d3ac5f8161 <unknown>\n#3 0x55d3ac6218c2 <unknown>\n#4 0x55d3ac5f5943 <unknown>\n#5 0x55d3ac621a8e <unknown>\n#6 0x55d3ac63a232 <unknown>\n#7 0x55d3ac621693 <unknown>\n#8 0x55d3ac5f403a <unknown>\n#9 0x55d3ac5f517e <unknown>\n#10 0x55d3ac846dbd <unknown>\n#11 0x55d3ac84ac6c <unknown>\n#12 0x55d3ac8544b0 <unknown>\n#13 0x55d3ac84bd63 <unknown>\n#14 0x55d3ac81ec35 <unknown>\n#15 0x55d3ac86f138 <unknown>\n#16 0x55d3ac86f2c7 <unknown>\n#17 0x55d3ac87d093 <unknown>\n#18 0x7ff06ef97b43 <unknown>\n\n","statusTrace":"  File \"/opt/hostedtoolcache/Python/3.7.16/x64/lib/python3.7/site-packages/behave/model.py\", line 1329, in run\n    match.run(runner.context)\n  File \"/opt/hostedtoolcache/Python/3.7.16/x64/lib/python3.7/site-packages/behave/matchers.py\", line 98, in run\n    self.func(context, *args, **kwargs)\n  File \"features/steps/step_definitions.py\", line 18, in enter_height\n    context.calculator.input_height(context.driver, height)\n  File \"/home/runner/work/python-behave/python-behave/utils/pages/calorie_calc.py\", line 23, in input_height\n    driver.find_element(By.XPATH, self.height_text_box).clear()\n  File \"/opt/hostedtoolcache/Python/3.7.16/x64/lib/python3.7/site-packages/selenium/webdriver/remote/webelement.py\", line 116, in clear\n    self._execute(Command.CLEAR_ELEMENT)\n  File \"/opt/hostedtoolcache/Python/3.7.16/x64/lib/python3.7/site-packages/selenium/webdriver/remote/webelement.py\", line 403, in _execute\n    return self._parent.execute(command, params)\n  File \"/opt/hostedtoolcache/Python/3.7.16/x64/lib/python3.7/site-packages/selenium/webdriver/remote/webdriver.py\", line 440, in execute\n    self.error_handler.check_response(response)\n  File \"/opt/hostedtoolcache/Python/3.7.16/x64/lib/python3.7/site-packages/selenium/webdriver/remote/errorhandler.py\", line 245, in check_response\n    raise exception_class(message, screen, stacktrace)\n","steps":[{"name":"Given I am on carbohydrate calculator page","time":{"start":1682013719755,"stop":1682013720126,"duration":371},"status":"passed","steps":[],"attachments":[],"parameters":[],"stepsCount":0,"attachmentsCount":0,"shouldDisplayMessage":false,"hasContent":false},{"name":"When I enter 81 in age","time":{"start":1682013720127,"stop":1682013720306,"duration":179},"status":"passed","steps":[],"attachments":[],"parameters":[],"stepsCount":0,"attachmentsCount":0,"shouldDisplayMessage":false,"hasContent":false},{"name":"And I select gender male","time":{"start":1682013720306,"stop":1682013720425,"duration":119},"status":"passed","steps":[],"attachments":[],"parameters":[],"stepsCount":0,"attachmentsCount":0,"shouldDisplayMessage":false,"hasContent":false},{"name":"And I enter 180 in height","time":{"start":1682013720425,"stop":1682013730585,"duration":10160},"status":"broken","statusMessage":"selenium.common.exceptions.ElementNotInteractableException: Message: element not interactable\n  (Session info: headless chrome=112.0.5615.121)\nStacktrace:\n#0 0x55d3ac884fe3 <unknown>\n#1 0x55d3ac5c3bc1 <unknown>\n#2 0x55d3ac5f8161 <unknown>\n#3 0x55d3ac6218c2 <unknown>\n#4 0x55d3ac5f5943 <unknown>\n#5 0x55d3ac621a8e <unknown>\n#6 0x55d3ac63a232 <unknown>\n#7 0x55d3ac621693 <unknown>\n#8 0x55d3ac5f403a <unknown>\n#9 0x55d3ac5f517e <unknown>\n#10 0x55d3ac846dbd <unknown>\n#11 0x55d3ac84ac6c <unknown>\n#12 0x55d3ac8544b0 <unknown>\n#13 0x55d3ac84bd63 <unknown>\n#14 0x55d3ac81ec35 <unknown>\n#15 0x55d3ac86f138 <unknown>\n#16 0x55d3ac86f2c7 <unknown>\n#17 0x55d3ac87d093 <unknown>\n#18 0x7ff06ef97b43 <unknown>\n\n","statusTrace":"  File \"/opt/hostedtoolcache/Python/3.7.16/x64/lib/python3.7/site-packages/behave/model.py\", line 1329, in run\n    match.run(runner.context)\n  File \"/opt/hostedtoolcache/Python/3.7.16/x64/lib/python3.7/site-packages/behave/matchers.py\", line 98, in run\n    self.func(context, *args, **kwargs)\n  File \"features/steps/step_definitions.py\", line 18, in enter_height\n    context.calculator.input_height(context.driver, height)\n  File \"/home/runner/work/python-behave/python-behave/utils/pages/calorie_calc.py\", line 23, in input_height\n    driver.find_element(By.XPATH, self.height_text_box).clear()\n  File \"/opt/hostedtoolcache/Python/3.7.16/x64/lib/python3.7/site-packages/selenium/webdriver/remote/webelement.py\", line 116, in clear\n    self._execute(Command.CLEAR_ELEMENT)\n  File \"/opt/hostedtoolcache/Python/3.7.16/x64/lib/python3.7/site-packages/selenium/webdriver/remote/webelement.py\", line 403, in _execute\n    return self._parent.execute(command, params)\n  File \"/opt/hostedtoolcache/Python/3.7.16/x64/lib/python3.7/site-packages/selenium/webdriver/remote/webdriver.py\", line 440, in execute\n    self.error_handler.check_response(response)\n  File \"/opt/hostedtoolcache/Python/3.7.16/x64/lib/python3.7/site-packages/selenium/webdriver/remote/errorhandler.py\", line 245, in check_response\n    raise exception_class(message, screen, stacktrace)\n","steps":[],"attachments":[{"uid":"c1199ade7a5cb50b","name":"Screenshot","source":"c1199ade7a5cb50b.png","type":"image/png","size":89783}],"parameters":[],"stepsCount":0,"attachmentsCount":1,"shouldDisplayMessage":true,"hasContent":true},{"name":"And I enter 80 in weight","time":{"start":1682013730585,"stop":1682013730585,"duration":0},"status":"skipped","steps":[],"attachments":[],"parameters":[],"stepsCount":0,"attachmentsCount":0,"shouldDisplayMessage":false,"hasContent":false},{"name":"And I select light exercise","time":{"start":1682013730585,"stop":1682013730585,"duration":0},"status":"skipped","steps":[],"attachments":[],"parameters":[],"stepsCount":0,"attachmentsCount":0,"shouldDisplayMessage":false,"hasContent":false},{"name":"And I click calculate","time":{"start":1682013730585,"stop":1682013730585,"duration":0},"status":"skipped","steps":[],"attachments":[],"parameters":[],"stepsCount":0,"attachmentsCount":0,"shouldDisplayMessage":false,"hasContent":false},{"name":"Then I see error message","time":{"start":1682013730585,"stop":1682013730585,"duration":0},"status":"skipped","steps":[],"attachments":[],"parameters":[],"stepsCount":0,"attachmentsCount":0,"shouldDisplayMessage":false,"hasContent":false}],"attachments":[],"parameters":[],"stepsCount":8,"attachmentsCount":1,"shouldDisplayMessage":false,"hasContent":true},"afterStages":[],"labels":[{"name":"severity","value":"normal"},{"name":"tag","value":"smoke"},{"name":"feature","value":"Carbohydrate calculator"},{"name":"framework","value":"behave"},{"name":"language","value":"cpython3"},{"name":"resultFormat","value":"allure2"}],"parameters":[{"name":"age","value":"81"},{"name":"result","value":"error message"}],"links":[],"hidden":false,"retry":false,"extra":{"severity":"normal","retries":[],"categories":[{"name":"Test defects","matchedStatuses":[],"flaky":false}],"tags":["smoke"]},"source":"2da36a94c0267b96.json","parameterValues":["81","error message"]}